<?xml version="1.0" encoding="UTF-8"?>
<!-- Generated by org.testng.reporters.JUnitXMLReporter -->
<testsuite hostname="LAPTOP-22IB8IBB" ignored="0" name=" Yahoo Sign UP" tests="1" failures="1" timestamp="09 Mar 2018 10:18:16 GMT" time="0.077" errors="0">
  <testcase name="yahooSign" time="0.0" classname="com.softvision.xmlparameters.TC_002_YahooSignUp">
    <failure type="org.testng.TestNGException" message="
Conversion issue on parameter: mobno">
      <![CDATA[org.testng.TestNGException: 
Conversion issue on parameter: mobno
Caused by: java.lang.NumberFormatException: For input string: "9980111111"
at java.lang.NumberFormatException.forInputString(Unknown Source)
at java.lang.Integer.parseInt(Unknown Source)
at java.lang.Integer.valueOf(Unknown Source)
... 24 more
... Removed 26 stack frames]]>
    </failure>
  </testcase> <!-- yahooSign -->
</testsuite> <!--  Yahoo Sign UP -->
