<?xml version="1.0" encoding="UTF-8"?>
<!-- Generated by org.testng.reporters.JUnitXMLReporter -->
<testsuite hostname="LAPTOP-22IB8IBB" ignored="0" name="Command line test" tests="2" failures="1" timestamp="07 Mar 2018 00:14:01 GMT" time="71.751" errors="0">
  <testcase name="freeCrmTitleTest" time="0.035" classname="com.softvision.project.FreeCRMTest">
    <failure type="java.lang.AssertionError" message="expected:&amp;lt;#1 Free CRM for Any Business: Online Customer Relationship Software&amp;gt; but was:&amp;lt;hi&amp;gt;">
      <![CDATA[java.lang.AssertionError: expected:<#1 Free CRM for Any Business: Online Customer Relationship Software> but was:<hi>
at com.softvision.project.FreeCRMTest.freeCrmTitleTest(FreeCRMTest.java:85)
... Removed 37 stack frames]]>
    </failure>
  </testcase> <!-- freeCrmTitleTest -->
  <testcase name="add" time="0.278" classname="com.softvision.project.TestClass1"/>
</testsuite> <!-- Command line test -->
