<?xml version="1.0" encoding="UTF-8" ?>
<testsuite tests="2" failures="1" name="TestSuite" time="1.436" errors="0" skipped="0">
  <properties>
[...]
</properties>
  <testcase classname="com.softvision.project.FreeCRMTest" name="freeCrmTitleTest" time="1.158">
    <failure message="expected:&lt;#1 Free CRM for Any Business: Online Customer Relationship Software&gt; but was:&lt;hi&gt;" type="java.lang.AssertionError">java.lang.AssertionError: expected:&lt;#1 Free CRM for Any Business: Online Customer Relationship Software&gt; but was:&lt;hi&gt;
	at org.testng.AssertJUnit.assertEquals(AssertJUnit.java:101)
	at org.testng.AssertJUnit.assertEquals(AssertJUnit.java:108)
	at com.softvision.project.FreeCRMTest.freeCrmTitleTest(FreeCRMTest.java:85)
</failure>
    <system-out>Configuring TestNG with: org.apache.maven.surefire.testng.conf.TestNG652Configurator@57fa26b7
#1 Free CRM for Any Business: Online Customer Relationship Software
</system-out>
    <system-err>Starting ChromeDriver 2.33.506120 (e3e53437346286c0bc2d2dc9aa4915ba81d9023f) on port 27057
Only local connections are allowed.
Mar 07, 2018 5:43:32 AM org.openqa.selenium.remote.ProtocolHandshake createSession
INFO: Detected dialect: OSS
</system-err>
  </testcase>
  <testcase classname="com.softvision.project.TestClass1" name="add" time="0.278"/>
</testsuite>