<?xml version="1.0" encoding="UTF-8"?>
<!-- Generated by org.testng.reporters.JUnitXMLReporter -->
<testsuite hostname="LAPTOP-22IB8IBB" ignored="0" name=" Yahoo ExtentREPORT" tests="2" failures="0" timestamp="09 Mar 2018 10:10:14 GMT" time="0.152" errors="0">
  <testcase name="@BeforeTest setExtent" time="0.0" classname="com.softvision.xmlparameters.TC_003_YahooExtentREPORT">
    <failure type="org.testng.TestNGException" message="
Parameter &amp;apos;hostvalue &amp;apos; is required by BeforeTest on method setExtent but has not been marked @Optional or defined
in C:\Users\Prathibha Heggodu\Desktop\Prathibha-Project\Softvision\TC_003_YahooExtentREPORT.xml">
      <![CDATA[org.testng.TestNGException: 
Parameter 'hostvalue ' is required by BeforeTest on method setExtent but has not been marked @Optional or defined
in C:\Users\Prathibha Heggodu\Desktop\Prathibha-Project\Softvision\TC_003_YahooExtentREPORT.xml
... Removed 21 stack frames]]>
    </failure>
  </testcase> <!-- @BeforeTest setExtent -->
  <testcase name="@BeforeMethod setup" time="0.0" classname="com.softvision.xmlparameters.TC_003_YahooExtentREPORT">
    <skipped/>
  </testcase> <!-- @BeforeMethod setup -->
  <testcase name="@AfterMethod tearDown" time="0.0" classname="com.softvision.xmlparameters.TC_003_YahooExtentREPORT">
    <skipped/>
  </testcase> <!-- @AfterMethod tearDown -->
  <testcase name="@BeforeMethod setup" time="0.0" classname="com.softvision.xmlparameters.TC_003_YahooExtentREPORT">
    <skipped/>
  </testcase> <!-- @BeforeMethod setup -->
  <testcase name="@AfterMethod tearDown" time="0.0" classname="com.softvision.xmlparameters.TC_003_YahooExtentREPORT">
    <skipped/>
  </testcase> <!-- @AfterMethod tearDown -->
  <testcase name="@AfterTest endReport" time="0.0" classname="com.softvision.xmlparameters.TC_003_YahooExtentREPORT">
    <skipped/>
  </testcase> <!-- @AfterTest endReport -->
  <testcase name="TitleTest1" time="0.0" classname="com.softvision.xmlparameters.TC_003_YahooExtentREPORT">
    <skipped/>
  </testcase> <!-- TitleTest1 -->
  <testcase name="TitleTest2" time="0.0" classname="com.softvision.xmlparameters.TC_003_YahooExtentREPORT">
    <skipped/>
  </testcase> <!-- TitleTest2 -->
</testsuite> <!--  Yahoo ExtentREPORT -->
